1621931015336	mozrunner::runner	INFO	Running command: "C:\\Program Files\\Mozilla Firefox\\firefox.exe" "-marionette" "-foreground" "-no-remote" "-profile" "C:\\Users\\Pichau\\AppData\\Local\\Temp\\rust_mozprofileZg5NxA"
1621931015782	Marionette	INFO	Marionette enabled
JavaScript error: resource://gre/modules/XULStore.jsm, line 66: Error: Can't find profile directory.
console.warn: SearchSettings: "get: No settings file exists, new profile?" (new Error("", "(unknown module)"))
1621931018409	Marionette	INFO	Listening on port 1286
1621931018529	Marionette	WARN	TLS certificate errors will be ignored for this session
1621931060170	Marionette	INFO	Stopped listening on port 1286

###!!! [Child][RunMessage] Error: Channel closing: too late to send/recv, messages will be lost

1621931100287	mozrunner::runner	INFO	Running command: "C:\\Program Files\\Mozilla Firefox\\firefox.exe" "-marionette" "-foreground" "-no-remote" "-profile" "C:\\Users\\Pichau\\AppData\\Local\\Temp\\rust_mozprofilevc022d"
1621931100731	Marionette	INFO	Marionette enabled
JavaScript error: resource://gre/modules/XULStore.jsm, line 66: Error: Can't find profile directory.
console.warn: SearchSettings: "get: No settings file exists, new profile?" (new Error("", "(unknown module)"))
1621931103333	Marionette	INFO	Listening on port 1347
1621931103472	Marionette	WARN	TLS certificate errors will be ignored for this session
1621931106968	Marionette	INFO	Stopped listening on port 1347

###!!! [Child][RunMessage] Error: Channel closing: too late to send/recv, messages will be lost

1621932963836	mozrunner::runner	INFO	Running command: "C:\\Program Files\\Mozilla Firefox\\firefox.exe" "-marionette" "-foreground" "-no-remote" "-profile" "C:\\Users\\Pichau\\AppData\\Local\\Temp\\rust_mozprofile9LQJVS"
1621932964273	Marionette	INFO	Marionette enabled
JavaScript error: resource://gre/modules/XULStore.jsm, line 66: Error: Can't find profile directory.
console.warn: SearchSettings: "get: No settings file exists, new profile?" (new Error("", "(unknown module)"))
1621932966861	Marionette	INFO	Listening on port 1544
1621932967004	Marionette	WARN	TLS certificate errors will be ignored for this session
1621932982649	Marionette	INFO	Stopped listening on port 1544

###!!! [Child][RunMessage] Error: Channel closing: too late to send/recv, messages will be lost

1621933096031	mozrunner::runner	INFO	Running command: "C:\\Program Files\\Mozilla Firefox\\firefox.exe" "-marionette" "-foreground" "-no-remote" "-profile" "C:\\Users\\Pichau\\AppData\\Local\\Temp\\rust_mozprofileKrGgEQ"
1621933096465	Marionette	INFO	Marionette enabled
JavaScript error: resource://gre/modules/XULStore.jsm, line 66: Error: Can't find profile directory.
console.warn: SearchSettings: "get: No settings file exists, new profile?" (new Error("", "(unknown module)"))
1621933099226	Marionette	INFO	Listening on port 1612
1621933099720	Marionette	WARN	TLS certificate errors will be ignored for this session
1621933127667	Marionette	INFO	Stopped listening on port 1612

###!!! [Child][RunMessage] Error: Channel closing: too late to send/recv, messages will be lost

ers\\Pichau\\AppData\\Local\\Temp\\rust_mozprofile8EG9EY"
1621933123552	Marionette	INFO	Marionette enabled
JavaScript error: resource://gre/modules/XULStore.jsm, line 66: Error: Can't find profile directory.
console.warn: SearchSettings: "get: No settings file exists, new profile?" (new Error("", "(unknown module)"))
1621933126279	Marionette	INFO	Listening on port 1678
1621933126559	Marionette	WARN	TLS certificate errors will be ignored for this session
1621933135029	Marionette	INFO	Stopped listening on port 1678

###!!! [Child][RunMessage] Error: Channel closing: too late to send/recv, messages will be lost

1621933181306	mozrunner::runner	INFO	Running command: "C:\\Program Files\\Mozilla Firefox\\firefox.exe" "-marionette" "-foreground" "-no-remote" "-profile" "C:\\Users\\Pichau\\AppData\\Local\\Temp\\rust_mozprofile95BI6X"
1621933181724	Marionette	INFO	Marionette enabled
JavaScript error: resource://gre/modules/XULStore.jsm, line 66: Error: Can't find profile directory.
console.warn: SearchSettings: "get: No settings file exists, new profile?" (new Error("", "(unknown module)"))
1621933184330	Marionette	INFO	Listening on port 1743
1621933184487	Marionette	WARN	TLS certificate errors will be ignored for this session
1621933458450	Marionette	INFO	Stopped listening on port 1743

###!!! [Child][RunMessage] Error: Channel closing: too late to send/recv, messages will be lost

ers\\Pichau\\AppData\\Local\\Temp\\rust_mozprofileQbrihL"
1621933251630	Marionette	INFO	Marionette enabled
JavaScript error: resource://gre/modules/XULStore.jsm, line 66: Error: Can't find profile directory.
console.warn: SearchSettings: "get: No settings file exists, new profile?" (new Error("", "(unknown module)"))
1621933254290	Marionette	INFO	Listening on port 1807
1621933254359	Marionette	WARN	TLS certificate errors will be ignored for this session
1621933320494	Marionette	INFO	Stopped listening on port 1807

###!!! [Child][RunMessage] Error: Channel closing: too late to send/recv, messages will be lost

ers\\Pichau\\AppData\\Local\\Temp\\rust_mozprofilemAHvsP"
1621933314702	Marionette	INFO	Marionette enabled
JavaScript error: resource://gre/modules/XULStore.jsm, line 66: Error: Can't find profile directory.
console.warn: SearchSettings: "get: No settings file exists, new profile?" (new Error("", "(unknown module)"))
1621933317354	Marionette	INFO	Listening on port 1871
1621933317433	Marionette	WARN	TLS certificate errors will be ignored for this session
1621933335082	Marionette	INFO	Stopped listening on port 1871

###!!! [Child][RunMessage] Error: Channel closing: too late to send/recv, messages will be lost

1621933414531	mozrunner::runner	INFO	Running command: "C:\\Program Files\\Mozilla Firefox\\firefox.exe" "-marionette" "-foreground" "-no-remote" "-profile" "C:\\Users\\Pichau\\AppData\\Local\\Temp\\rust_mozprofileHVJ7ER"
1621933414968	Marionette	INFO	Marionette enabled
JavaScript error: resource://gre/modules/XULStore.jsm, line 66: Error: Can't find profile directory.
console.warn: SearchSettings: "get: No settings file exists, new profile?" (new Error("", "(unknown module)"))
1621933417350	Marionette	INFO	Listening on port 1937
1621933417690	Marionette	WARN	TLS certificate errors will be ignored for this session
1621933459404	Marionette	INFO	Stopped listening on port 1937

###!!! [Child][RunMessage] Error: Channel closing: too late to send/recv, messages will be lost

ers\\Pichau\\AppData\\Local\\Temp\\rust_mozprofilerYHkVk"
1621933458329	Marionette	INFO	Marionette enabled
JavaScript error: resource://gre/modules/XULStore.jsm, line 66: Error: Can't find profile directory.
console.warn: SearchSettings: "get: No settings file exists, new profile?" (new Error("", "(unknown module)"))
1621933460947	Marionette	INFO	Listening on port 1990
1621933461026	Marionette	WARN	TLS certificate errors will be ignored for this session
1621933489596	mozrunner::runner	INFO	Running command: "C:\\Program Files\\Mozilla Firefox\\firefox.exe" "-marionette" "-foreground" "-no-remote" "-profile" "C:\\Users\\Pichau\\AppData\\Local\\Temp\\rust_mozprofile9pZEdp"
1621933490026	Marionette	INFO	Marionette enabled
JavaScript error: resource://gre/modules/XULStore.jsm, line 66: Error: Can't find profile directory.
console.warn: SearchSettings: "get: No settings file exists, new profile?" (new Error("", "(unknown module)"))
1621933492681	Marionette	INFO	Listening on port 2053
1621933492784	Marionette	WARN	TLS certificate errors will be ignored for this session
1621933540713	mozrunner::runner	INFO	Running command: "C:\\Program Files\\Mozilla Firefox\\firefox.exe" "-marionette" "-foreground" "-no-remote" "-profile" "C:\\Users\\Pichau\\AppData\\Local\\Temp\\rust_mozprofilePmzb8A"
1621933541153	Marionette	INFO	Marionette enabled
JavaScript error: resource://gre/modules/XULStore.jsm, line 66: Error: Can't find profile directory.
console.warn: SearchSettings: "get: No settings file exists, new profile?" (new Error("", "(unknown module)"))
1621933543640	Marionette	INFO	Listening on port 2106
1621933543875	Marionette	WARN	TLS certificate errors will be ignored for this session
1621935131184	mozrunner::runner	INFO	Running command: "C:\\Program Files\\Mozilla Firefox\\firefox.exe" "-marionette" "-foreground" "-no-remote" "-profile" "C:\\Users\\Pichau\\AppData\\Local\\Temp\\rust_mozprofilevMvROa"
1621935132058	Marionette	INFO	Marionette enabled
JavaScript error: resource://gre/modules/XULStore.jsm, line 66: Error: Can't find profile directory.
console.warn: SearchSettings: "get: No settings file exists, new profile?" (new Error("", "(unknown module)"))
1621935135141	Marionette	INFO	Listening on port 18642
1621935135365	Marionette	WARN	TLS certificate errors will be ignored for this session
1621935148390	Marionette	INFO	Stopped listening on port 18642

###!!! [Child][RunMessage] Error: Channel closing: too late to send/recv, messages will be lost

1621936118328	mozrunner::runner	INFO	Running command: "C:\\Program Files\\Mozilla Firefox\\firefox.exe" "-marionette" "-foreground" "-no-remote" "-profile" "C:\\Users\\Pichau\\AppData\\Local\\Temp\\rust_mozprofile4P87uj"
1621936118830	Marionette	INFO	Marionette enabled
JavaScript error: resource://gre/modules/XULStore.jsm, line 66: Error: Can't find profile directory.
console.warn: SearchSettings: "get: No settings file exists, new profile?" (new Error("", "(unknown module)"))
1621936121451	Marionette	INFO	Listening on port 18766
1621936121503	Marionette	WARN	TLS certificate errors will be ignored for this session
1621936151724	Marionette	INFO	Stopped listening on port 18766

###!!! [Child][RunMessage] Error: Channel closing: too late to send/recv, messages will be lost

rs\\Pichau\\AppData\\Local\\Temp\\rust_mozprofileP56Y1d"
1621936147158	Marionette	INFO	Marionette enabled
JavaScript error: resource://gre/modules/XULStore.jsm, line 66: Error: Can't find profile directory.
console.warn: SearchSettings: "get: No settings file exists, new profile?" (new Error("", "(unknown module)"))
1621936150025	Marionette	INFO	Listening on port 18827
1621936150353	Marionette	WARN	TLS certificate errors will be ignored for this session
1621936158971	Marionette	INFO	Stopped listening on port 18827

###!!! [Child][RunMessage] Error: Channel closing: too late to send/recv, messages will be lost

1621936166018	mozrunner::runner	INFO	Running command: "C:\\Program Files\\Mozilla Firefox\\firefox.exe" "-marionette" "-foreground" "-no-remote" "-profile" "C:\\Users\\Pichau\\AppData\\Local\\Temp\\rust_mozprofilexN6BFW"
1621936166428	Marionette	INFO	Marionette enabled
JavaScript error: resource://gre/modules/XULStore.jsm, line 66: Error: Can't find profile directory.
console.warn: SearchSettings: "get: No settings file exists, new profile?" (new Error("", "(unknown module)"))
1621936169044	Marionette	INFO	Listening on port 18885
1621936169165	Marionette	WARN	TLS certificate errors will be ignored for this session
1621936207450	Marionette	INFO	Stopped listening on port 18885

###!!! [Child][RunMessage] Error: Channel closing: too late to send/recv, messages will be lost

1621936421736	mozrunner::runner	INFO	Running command: "C:\\Program Files\\Mozilla Firefox\\firefox.exe" "-marionette" "-foreground" "-no-remote" "-profile" "C:\\Users\\Pichau\\AppData\\Local\\Temp\\rust_mozprofilehjarJ5"
1621936422174	Marionette	INFO	Marionette enabled
JavaScript error: resource://gre/modules/XULStore.jsm, line 66: Error: Can't find profile directory.
console.warn: SearchSettings: "get: No settings file exists, new profile?" (new Error("", "(unknown module)"))
1621936424914	Marionette	INFO	Listening on port 19029
1621936425375	Marionette	WARN	TLS certificate errors will be ignored for this session
1621936457926	mozrunner::runner	INFO	Running command: "C:\\Program Files\\Mozilla Firefox\\firefox.exe" "-marionette" "-foreground" "-no-remote" "-profile" "C:\\Users\\Pichau\\AppData\\Local\\Temp\\rust_mozprofile44xb0W"
1621936458383	Marionette	INFO	Marionette enabled
JavaScript error: resource://gre/modules/XULStore.jsm, line 66: Error: Can't find profile directory.
console.warn: SearchSettings: "get: No settings file exists, new profile?" (new Error("", "(unknown module)"))
1621936461103	Marionette	INFO	Listening on port 19090
1621936461580	Marionette	WARN	TLS certificate errors will be ignored for this session
1621936559872	Marionette	INFO	Stopped listening on port 19090

###!!! [Child][RunMessage] Error: Channel closing: too late to send/recv, messages will be lost

1621936572583	mozrunner::runner	INFO	Running command: "C:\\Program Files\\Mozilla Firefox\\firefox.exe" "-marionette" "-foreground" "-no-remote" "-profile" "C:\\Users\\Pichau\\AppData\\Local\\Temp\\rust_mozprofileJzTYVD"
1621936573027	Marionette	INFO	Marionette enabled
JavaScript error: resource://gre/modules/XULStore.jsm, line 66: Error: Can't find profile directory.
console.warn: SearchSettings: "get: No settings file exists, new profile?" (new Error("", "(unknown module)"))
1621936575579	Marionette	INFO	Listening on port 19176
1621936575736	Marionette	WARN	TLS certificate errors will be ignored for this session
1621936589749	Marionette	INFO	Stopped listening on port 19176

###!!! [Child][RunMessage] Error: Channel closing: too late to send/recv, messages will be lost

1621940915416	mozrunner::runner	INFO	Running command: "C:\\Program Files\\Mozilla Firefox\\firefox.exe" "-marionette" "-foreground" "-no-remote" "-profile" "C:\\Users\\Pichau\\AppData\\Local\\Temp\\rust_mozprofileyI0rx9"
1621940915869	Marionette	INFO	Marionette enabled
JavaScript error: resource://gre/modules/XULStore.jsm, line 66: Error: Can't find profile directory.
console.warn: SearchSettings: "get: No settings file exists, new profile?" (new Error("", "(unknown module)"))
1621940918584	Marionette	INFO	Listening on port 1322
1621940919087	Marionette	WARN	TLS certificate errors will be ignored for this session
1621940937653	Marionette	INFO	Stopped listening on port 1322

###!!! [Child][RunMessage] Error: Channel closing: too late to send/recv, messages will be lost

1621941339693	mozrunner::runner	INFO	Running command: "C:\\Program Files\\Mozilla Firefox\\firefox.exe" "-marionette" "-foreground" "-no-remote" "-profile" "C:\\Users\\Pichau\\AppData\\Local\\Temp\\rust_mozprofileTAzrBe"
1621941340157	Marionette	INFO	Marionette enabled
JavaScript error: resource://gre/modules/XULStore.jsm, line 66: Error: Can't find profile directory.
console.warn: SearchSettings: "get: No settings file exists, new profile?" (new Error("", "(unknown module)"))
1621941342770	Marionette	INFO	Listening on port 1410
1621941342870	Marionette	WARN	TLS certificate errors will be ignored for this session
1621941440797	Marionette	INFO	Stopped listening on port 1410

###!!! [Child][RunMessage] Error: Channel closing: too late to send/recv, messages will be lost

1621941448258	mozrunner::runner	INFO	Running command: "C:\\Program Files\\Mozilla Firefox\\firefox.exe" "-marionette" "-foreground" "-no-remote" "-profile" "C:\\Users\\Pichau\\AppData\\Local\\Temp\\rust_mozprofilexrIOYB"
1621941448711	Marionette	INFO	Marionette enabled
JavaScript error: resource://gre/modules/XULStore.jsm, line 66: Error: Can't find profile directory.
console.warn: SearchSettings: "get: No settings file exists, new profile?" (new Error("", "(unknown module)"))
1621941451302	Marionette	INFO	Listening on port 1527
1621941451442	Marionette	WARN	TLS certificate errors will be ignored for this session
1621941495915	Marionette	INFO	Stopped listening on port 1527

###!!! [Child][RunMessage] Error: Channel closing: too late to send/recv, messages will be lost

1621941619596	mozrunner::runner	INFO	Running command: "C:\\Program Files\\Mozilla Firefox\\firefox.exe" "-marionette" "-foreground" "-no-remote" "-profile" "C:\\Users\\Pichau\\AppData\\Local\\Temp\\rust_mozprofile6qv1Gl"
1621941620036	Marionette	INFO	Marionette enabled
JavaScript error: resource://gre/modules/XULStore.jsm, line 66: Error: Can't find profile directory.
console.warn: SearchSettings: "get: No settings file exists, new profile?" (new Error("", "(unknown module)"))
1621941622718	Marionette	INFO	Listening on port 1702
1621941622752	Marionette	WARN	TLS certificate errors will be ignored for this session
1621943637945	Marionette	INFO	Stopped listening on port 1702

###!!! [Child][RunMessage] Error: Channel closing: too late to send/recv, messages will be lost

ers\\Pichau\\AppData\\Local\\Temp\\rust_mozprofileJRUm87"
1621941775862	Marionette	INFO	Marionette enabled
JavaScript error: resource://gre/modules/XULStore.jsm, line 66: Error: Can't find profile directory.
console.warn: SearchSettings: "get: No settings file exists, new profile?" (new Error("", "(unknown module)"))
1621941778219	Marionette	INFO	Listening on port 1850
1621941778575	Marionette	WARN	TLS certificate errors will be ignored for this session
1621942113924	Marionette	INFO	Stopped listening on port 1850

###!!! [Child][RunMessage] Error: Channel closing: too late to send/recv, messages will be lost

ers\\Pichau\\AppData\\Local\\Temp\\rust_mozprofileX1pumr"
1621942056353	Marionette	INFO	Marionette enabled
JavaScript error: resource://gre/modules/XULStore.jsm, line 66: Error: Can't find profile directory.
console.warn: SearchSettings: "get: No settings file exists, new profile?" (new Error("", "(unknown module)"))
1621942058884	Marionette	INFO	Listening on port 2049
1621942059056	Marionette	WARN	TLS certificate errors will be ignored for this session
1621942117101	Marionette	INFO	Stopped listening on port 2049

###!!! [Child][RunMessage] Error: Channel closing: too late to send/recv, messages will be lost

1621942190364	mozrunner::runner	INFO	Running command: "C:\\Program Files\\Mozilla Firefox\\firefox.exe" "-marionette" "-foreground" "-no-remote" "-profile" "C:\\Users\\Pichau\\AppData\\Local\\Temp\\rust_mozprofilenJ52ze"
1621942190776	Marionette	INFO	Marionette enabled
JavaScript error: resource://gre/modules/XULStore.jsm, line 66: Error: Can't find profile directory.
console.warn: SearchSettings: "get: No settings file exists, new profile?" (new Error("", "(unknown module)"))
1621942193375	Marionette	INFO	Listening on port 2203
1621942193501	Marionette	WARN	TLS certificate errors will be ignored for this session
1621942246262	Marionette	INFO	Stopped listening on port 2203

###!!! [Child][RunMessage] Error: Channel closing: too late to send/recv, messages will be lost

1621942366955	mozrunner::runner	INFO	Running command: "C:\\Program Files\\Mozilla Firefox\\firefox.exe" "-marionette" "-foreground" "-no-remote" "-profile" "C:\\Users\\Pichau\\AppData\\Local\\Temp\\rust_mozprofileVPjXbj"
1621942367390	Marionette	INFO	Marionette enabled
JavaScript error: resource://gre/modules/XULStore.jsm, line 66: Error: Can't find profile directory.
console.warn: SearchSettings: "get: No settings file exists, new profile?" (new Error("", "(unknown module)"))
1621942369932	Marionette	INFO	Listening on port 2302
1621942370132	Marionette	WARN	TLS certificate errors will be ignored for this session
1621942896248	mozrunner::runner	INFO	Running command: "C:\\Program Files\\Mozilla Firefox\\firefox.exe" 1621942896920	Marionette	INFO	Stopped listening on port 2302
\\Pichau\\AppData\\Local\\Temp\\rust_mozprofileeR6Khj"
1621942896687	Marionette	INFO	Marionette enabled
JavaScript error: resource://gre/modules/XULStore.jsm, line 66: Error: Can't find profile directory.
console.warn: SearchSettings: "get: No settings file exists, new profile?" (new Error("", "(unknown module)"))
1621942899419	Marionette	INFO	Listening on port 2494
1621942899906	Marionette	WARN	TLS certificate errors will be ignored for this session
console.error: "Tried to send a 'target-destroyed-form' event on an already destroyed actor 'watcher'"
1621942970297	Marionette	INFO	Stopped listening on port 2494

###!!! [Child][RunMessage] Error: Channel closing: too late to send/recv, messages will be lost

1621942974562	mozrunner::runner	INFO	Running command: "C:\\Program Files\\Mozilla Firefox\\firefox.exe" "-marionette" "-foreground" "-no-remote" "-profile" "C:\\Users\\Pichau\\AppData\\Local\\Temp\\rust_mozprofileNqZcL2"
1621942974991	Marionette	INFO	Marionette enabled
JavaScript error: resource://gre/modules/XULStore.jsm, line 66: Error: Can't find profile directory.
console.warn: SearchSettings: "get: No settings file exists, new profile?" (new Error("", "(unknown module)"))
1621942977622	Marionette	INFO	Listening on port 2603
1621942977716	Marionette	WARN	TLS certificate errors will be ignored for this session
console.warn: LoginRecipes: "getRecipes: falling back to a synchronous message for:" "https://www.invertexto.com"
console.warn: LoginRecipes: "getRecipes: falling back to a synchronous message for:" "https://www.invertexto.com"
Handler function threw an exception: TypeError: topFrame.browsingContext is null
Stack: matchRequest@resource://devtools/server/actors/network-monitor/network-observer.js:130:9
_onRequestHeader@resource://devtools/server/actors/network-monitor/network-observer.js:959:10
NetworkObserver.prototype.observeActivity<@resource://devtools/server/actors/network-monitor/network-observer.js:710:12
exports.makeInfallible/<@resource://devtools/shared/ThreadSafeDevToolsUtils.js:103:22
Line: 130, column: 9
console.error: (new TypeError("topFrame.browsingContext is null", "resource://devtools/server/actors/network-monitor/netwo1621943628818	Marionette	INFO	Stopped listening on port 2780

###!!! [Child][RunMessage] Error: Channel closing: too late to send/recv, messages will be lost

work-monitor/network-observer.js:130:9
_onRequestHeader@resource://devtools/server/actors/network-monitor/network-observer.js:959:10
NetworkObserver.prototype.observeActivity<@resource://devtools/server/actors/network-monitor/network-observer.js:710:12
exports.makeInfallible/<@resource://devtools/shared/ThreadSafeDevToolsUtils.js:103:22
Line: 130, column: 9
console.error: (new TypeError("topFrame.browsingContext is null", "resource://devtools/server/actors/network-monitor/network-observer.js", 130))
1621943625602	Marionette	INFO	Stopped listening on port 2603

###!!! [Child][RunMessage] Error: Channel closing: too late to send/recv, messages will be lost

1621944361448	mozrunner::runner	INFO	Running command: "C:\\Program Files\\Mozilla Firefox\\firefox.exe" "-marionette" "-foreground" "-no-remote" "-profile" "C:\\Users\\Pichau\\AppData\\Local\\Temp\\rust_mozprofilexY6WHE"
1621944361881	Marionette	INFO	Marionette enabled
JavaScript error: resource://gre/modules/XULStore.jsm, line 66: Error: Can't find profile directory.
console.warn: SearchSettings: "get: No settings file exists, new profile?" (new Error("", "(unknown module)"))
1621944364391	Marionette	INFO	Listening on port 1412
1621944364601	Marionette	WARN	TLS certificate errors will be ignored for this session
1621944555886	Marionette	INFO	Stopped listening on port 1412

###!!! [Child][RunMessage] Error: Channel closing: too late to send/recv, messages will be lost

ers\\Pichau\\AppData\\Local\\Temp\\rust_mozprofileBB8PrN"
1621944470837	Marionette	INFO	Marionette enabled
JavaScript error: resource://gre/modules/XULStore.jsm, line 66: Error: Can't find profile directory.
console.warn: SearchSettings: "get: No settings file exists, new profile?" (new Error("", "(unknown module)"))
1621944473676	Marionette	INFO	Listening on port 1594
1621944474009	Marionette	WARN	TLS certificate errors will be ignored for this session
1621944555317	Marionette	INFO	Stopped listening on port 1594

###!!! [Child][RunMessage] Error: Channel closing: too late to send/recv, messages will be lost

1621948426535	mozrunner::runner	INFO	Running command: "C:\\Program Files\\Mozilla Firefox\\firefox.exe" "-marionette" "-foreground" "-no-remote" "-profile" "C:\\Users\\Pichau\\AppData\\Local\\Temp\\rust_mozprofilehUxiTc"
1621948427464	Marionette	INFO	Marionette enabled
JavaScript error: resource://gre/modules/XULStore.jsm, line 66: Error: Can't find profile directory.
console.warn: SearchSettings: "get: No settings file exists, new profile?" (new Error("", "(unknown module)"))
1621948430517	Marionette	INFO	Listening on port 23292
1621948430712	Marionette	WARN	TLS certificate errors will be ignored for this session
1621948440300	Marionette	INFO	Stopped listening on port 23292

###!!! [Child][RunMessage] Error: Channel closing: too late to send/recv, messages will be lost

1621948489992	mozrunner::runner	INFO	Running command: "C:\\Program Files\\Mozilla Firefox\\firefox.exe" "-marionette" "-foreground" "-no-remote" "-profile" "C:\\Users\\Pichau\\AppData\\Local\\Temp\\rust_mozprofilexz5lLQ"
1621948490471	Marionette	INFO	Marionette enabled
JavaScript error: resource://gre/modules/XULStore.jsm, line 66: Error: Can't find profile directory.
console.warn: SearchSettings: "get: No settings file exists, new profile?" (new Error("", "(unknown module)"))
1621948492998	Marionette	INFO	Listening on port 23397
1621948493165	Marionette	WARN	TLS certificate errors will be ignored for this session
1621948516486	Marionette	INFO	Stopped listening on port 23397

###!!! [Child][RunMessage] Error: Channel closing: too late to send/recv, messages will be lost

1621948520824	mozrunner::runner	INFO	Running command: "C:\\Program Files\\Mozilla Firefox\\firefox.exe" "-marionette" "-foreground" "-no-remote" "-profile" "C:\\Users\\Pichau\\AppData\\Local\\Temp\\rust_mozprofileF3Kxnc"
1621948521247	Marionette	INFO	Marionette enabled
JavaScript error: resource://gre/modules/XULStore.jsm, line 66: Error: Can't find profile directory.
console.warn: SearchSettings: "get: No settings file exists, new profile?" (new Error("", "(unknown module)"))
1621948523885	Marionette	INFO	Listening on port 23451
1621948523997	Marionette	WARN	TLS certificate errors will be ignored for this session
1621948531696	Marionette	INFO	Stopped listening on port 23451

###!!! [Child][RunMessage] Error: Channel closing: too late to send/recv, messages will be lost

1621948634268	mozrunner::runner	INFO	Running command: "C:\\Program Files\\Mozilla Firefox\\firefox.exe" "-marionette" "-foreground" "-no-remote" "-profile" "C:\\Users\\Pichau\\AppData\\Local\\Temp\\rust_mozprofileDu0z6T"
1621948634698	Marionette	INFO	Marionette enabled
JavaScript error: resource://gre/modules/XULStore.jsm, line 66: Error: Can't find profile directory.
console.warn: SearchSettings: "get: No settings file exists, new profile?" (new Error("", "(unknown module)"))
1621948637260	Marionette	INFO	Listening on port 23508
1621948637445	Marionette	WARN	TLS certificate errors will be ignored for this session
1621948658349	Marionette	INFO	Stopped listening on port 23508

###!!! [Child][RunMessage] Error: Channel closing: too late to send/recv, messages will be lost

1621948717429	mozrunner::runner	INFO	Running command: "C:\\Program Files\\Mozilla Firefox\\firefox.exe" "-marionette" "-foreground" "-no-remote" "-profile" "C:\\Users\\Pichau\\AppData\\Local\\Temp\\rust_mozprofile2qmsoM"
1621948717874	Marionette	INFO	Marionette enabled
JavaScript error: resource://gre/modules/XULStore.jsm, line 66: Error: Can't find profile directory.
console.warn: SearchSettings: "get: No settings file exists, new profile?" (new Error("", "(unknown module)"))
1621948720846	Marionette	INFO	Listening on port 23562
1621948721109	Marionette	WARN	TLS certificate errors will be ignored for this session
1621948730047	Marionette	INFO	Stopped listening on port 23562
ram Files\\Mozilla Firefox\\firefox.exe" "-marionette" "-foreground" "-no-remote" "-profile" "C:\\Users\\Pichau\\AppData\\Local\\Temp\\rust_mozprofileF0ZzgL"
1621948730409	Marionette	INFO	Marionette enabled
JavaScript error: resource://gre/modules/XULStore.jsm, line 66: Error: Can't find profile directory.
console.warn: SearchSettings: "get: No settings file exists, new profile?" (new Error("", "(unknown module)"))
1621948733667	Marionette	INFO	Listening on port 23617
1621948733817	Marionette	WARN	TLS certificate errors will be ignored for this session
1621948745462	Marionette	INFO	Stopped listening on port 23617

###!!! [Child][RunMessage] Error: Channel closing: too late to send/recv, messages will be lost

1621949034812	mozrunner::runner	INFO	Running command: "C:\\Program Files\\Mozilla Firefox\\firefox.exe" "-marionette" "-foreground" "-no-remote" "-profile" "C:\\Users\\Pichau\\AppData\\Local\\Temp\\rust_mozprofileXXn16C"
1621949035331	Marionette	INFO	Marionette enabled
JavaScript error: resource://gre/modules/XULStore.jsm, line 66: Error: Can't find profile directory.
console.warn: SearchSettings: "get: No settings file exists, new profile?" (new Error("", "(unknown module)"))
1621949038181	Marionette	INFO	Listening on port 23683
1621949038468	Marionette	WARN	TLS certificate errors will be ignored for this session
1621949051475	Marionette	INFO	Stopped listening on port 23683

###!!! [Child][RunMessage] Error: Channel closing: too late to send/recv, messages will be lost

1621949292670	mozrunner::runner	INFO	Running command: "C:\\Program Files\\Mozilla Firefox\\firefox.exe" "-marionette" "-foreground" "-no-remote" "-profile" "C:\\Users\\Pichau\\AppData\\Local\\Temp\\rust_mozprofile40uzOB"
1621949293311	Marionette	INFO	Marionette enabled
JavaScript error: resource://gre/modules/XULStore.jsm, line 66: Error: Can't find profile directory.
console.warn: SearchSettings: "get: No settings file exists, new profile?" (new Error("", "(unknown module)"))
1621949296827	Marionette	INFO	Listening on port 23752
1621949296869	Marionette	WARN	TLS certificate errors will be ignored for this session
1621949332427	Marionette	INFO	Stopped listening on port 23752

###!!! [Child][RunMessage] Error: Channel closing: too late to send/recv, messages will be lost

rs\\Pichau\\AppData\\Local\\Temp\\rust_mozprofilevhPvYK"
1621949331367	Marionette	INFO	Marionette enabled
JavaScript error: resource://gre/modules/XULStore.jsm, line 66: Error: Can't find profile directory.
console.warn: SearchSettings: "get: No settings file exists, new profile?" (new Error("", "(unknown module)"))
1621949334337	Marionette	INFO	Listening on port 23815
1621949334584	Marionette	WARN	TLS certificate errors will be ignored for this session
JavaScript error: , line 0: NS_ERROR_NOT_AVAILABLE
1621951159406	Marionette	INFO	Stopped listening on port 23815

###!!! [Child][RunMessage] Error: Channel closing: too late to send/recv, messages will be lost

036"
1621949981575	Marionette	INFO	Marionette enabled
JavaScript error: resource://gre/modules/XULStore.jsm, line 66: Error: Can't find profile directory.
console.warn: SearchSettings: "get: No settings file exists, new profile?" (new Error("", "(unknown module)"))
1621949984263	Marionette	INFO	Listening on port 23919
1621949984287	Marionette	WARN	TLS certificate errors will be ignored for this session
1621950058195	Marionette	INFO	Stopped listening on port 23919

###!!! [Child][RunMessage] Error: Channel closing: too late to send/recv, messages will be lost

1621950610513	mozrunner::runner	INFO	Running command: "C:\\Program Files\\Mozilla Firefox\\firefox.exe" "-marionette" "-foreground" "-no-remote" "-profile" "C:\\Users\\Pichau\\AppData\\Local\\Temp\\rust_mozprofile06kWbC"
1621950610946	Marionette	INFO	Marionette enabled
JavaScript error: resource://gre/modules/XULStore.jsm, line 66: Error: Can't find profile directory.
console.warn: SearchSettings: "get: No settings file exists, new profile?" (new Error("", "(unknown module)"))
1621950613501	Marionette	INFO	Listening on port 24013
1621950613682	Marionette	WARN	TLS certificate errors will be ignored for this session
1621950686056	Marionette	INFO	Stopped listening on port 24013

###!!! [Child][RunMessage] Error: Channel closing: too late to send/recv, messages will be lost

1621950807627	mozrunner::runner	INFO	Running command: "C:\\Program Files\\Mozilla Firefox\\firefox.exe" "-marionette" "-foreground" "-no-remote" "-profile" "C:\\Users\\Pichau\\AppData\\Local\\Temp\\rust_mozprofileIBGUvY"
1621950808060	Marionette	INFO	Marionette enabled
JavaScript error: resource://gre/modules/XULStore.jsm, line 66: Error: Can't find profile directory.
console.warn: SearchSettings: "get: No settings file exists, new profile?" (new Error("", "(unknown module)"))
1621950810850	Marionette	INFO	Listening on port 24081
1621950811280	Marionette	WARN	TLS certificate errors will be ignored for this session
1621951153683	Marionette	INFO	Stopped listening on port 24081

###!!! [Child][RunMessage] Error: Channel closing: too late to send/recv, messages will be lost

1621952662574	mozrunner::runner	INFO	Running command: "C:\\Program Files\\Mozilla Firefox\\firefox.exe" "-marionette" "-foreground" "-no-remote" "-profile" "C:\\Users\\Pichau\\AppData\\Local\\Temp\\rust_mozprofileIMWuaK"
1621952663078	Marionette	INFO	Marionette enabled
JavaScript error: resource://gre/modules/XULStore.jsm, line 66: Error: Can't find profile directory.
console.warn: SearchSettings: "get: No settings file exists, new profile?" (new Error("", "(unknown module)"))
1621952666125	Marionette	INFO	Listening on port 24193
1621952666257	Marionette	WARN	TLS certificate errors will be ignored for this session
JavaScript error: , line 0: NS_ERROR_NOT_AVAILABLE
1621954289297	Marionette	INFO	Stopped listening on port 24193

###!!! [Child][RunMessage] Error: Channel closing: too late to send/recv, messages will be lost

vkN"
1621952692295	Marionette	INFO	Marionette enabled
JavaScript error: resource://gre/modules/XULStore.jsm, line 66: Error: Can't find profile directory.
console.warn: SearchSettings: "get: No settings file exists, new profile?" (new Error("", "(unknown module)"))
1621952695312	Marionette	INFO	Listening on port 24316
1621952695527	Marionette	WARN	TLS certificate errors will be ignored for this session
1621952708374	Marionette	INFO	Stopped listening on port 24316

###!!! [Child][RunMessage] Error: Channel closing: too late to send/recv, messages will be lost

1621956832797	mozrunner::runner	INFO	Running command: "C:\\Program Files\\Mozilla Firefox\\firefox.exe" "-marionette" "-foreground" "-no-remote" "-profile" "C:\\Users\\Pichau\\AppData\\Local\\Temp\\rust_mozprofileSBw13K"
1621956833233	Marionette	INFO	Marionette enabled
JavaScript error: resource://gre/modules/XULStore.jsm, line 66: Error: Can't find profile directory.
console.warn: SearchSettings: "get: No settings file exists, new profile?" (new Error("", "(unknown module)"))
1621956835949	Marionette	INFO	Listening on port 25029
1621956836457	Marionette	WARN	TLS certificate errors will be ignored for this session
1621956843886	Marionette	INFO	Stopped listening on port 25029

###!!! [Child][RunMessage] Error: Channel closing: too late to send/recv, messages will be lost

1621956857545	mozrunner::runner	INFO	Running command: "C:\\Program Files\\Mozilla Firefox\\firefox.exe" "-marionette" "-foreground" "-no-remote" "-profile" "C:\\Users\\Pichau\\AppData\\Local\\Temp\\rust_mozprofileal3px4"
1621956857959	Marionette	INFO	Marionette enabled
JavaScript error: resource://gre/modules/XULStore.jsm, line 66: Error: Can't find profile directory.
console.warn: SearchSettings: "get: No settings file exists, new profile?" (new Error("", "(unknown module)"))
1621956860541	Marionette	INFO	Listening on port 25085
1621956860723	Marionette	WARN	TLS certificate errors will be ignored for this session
1621956869185	Marionette	INFO	Stopped listening on port 25085

###!!! [Child][RunMessage] Error: Channel closing: too late to send/recv, messages will be lost

1621957688391	mozrunner::runner	INFO	Running command: "C:\\Program Files\\Mozilla Firefox\\firefox.exe" "-marionette" "-foreground" "-no-remote" "-profile" "C:\\Users\\Pichau\\AppData\\Local\\Temp\\rust_mozprofiles9ih1L"
1621957688823	Marionette	INFO	Marionette enabled
JavaScript error: resource://gre/modules/XULStore.jsm, line 66: Error: Can't find profile directory.
console.warn: SearchSettings: "get: No settings file exists, new profile?" (new Error("", "(unknown module)"))
1621957691451	Marionette	INFO	Listening on port 25182
1621957691570	Marionette	WARN	TLS certificate errors will be ignored for this session
JavaScript error: , line 0: NS_ERROR_NOT_AVAILABLE
1621960121951	Marionette	INFO	Stopped listening on port 25182

###!!! [Child][RunMessage] Error: Channel closing: too late to send/recv, messages will be lost

1622033060910	mozrunner::runner	INFO	Running command: "C:\\Program Files\\Mozilla Firefox\\firefox.exe" "-marionette" "-foreground" "-no-remote" "-profile" "C:\\Users\\Pichau\\AppData\\Local\\Temp\\rust_mozprofileWziSsF"
1622033061485	Marionette	INFO	Marionette enabled
JavaScript error: resource://gre/modules/XULStore.jsm, line 66: Error: Can't find profile directory.
console.warn: SearchSettings: "get: No settings file exists, new profile?" (new Error("", "(unknown module)"))
1622033064601	Marionette	INFO	Listening on port 1202
1622033065050	Marionette	WARN	TLS certificate errors will be ignored for this session
1622033570297	Marionette	INFO	Stopped listening on port 1202

###!!! [Child][RunMessage] Error: Channel closing: too late to send/recv, messages will be lost

ers\\Pichau\\AppData\\Local\\Temp\\rust_mozprofilewPCEhk"
1622033106700	Marionette	INFO	Marionette enabled
JavaScript error: resource://gre/modules/XULStore.jsm, line 66: Error: Can't find profile directory.
console.warn: SearchSettings: "get: No settings file exists, new profile?" (new Error("", "(unknown module)"))
1622033109822	Marionette	INFO	Listening on port 1330
1622033109838	Marionette	WARN	TLS certificate errors will be ignored for this session
1622033114575	Marionette	INFO	Stopped listening on port 1330

###!!! [Child][RunMessage] Error: Channel closing: too late to send/recv, messages will be lost

1622033122170	mozrunner::runner	INFO	Running command: "C:\\Program Files\\Mozilla Firefox\\firefox.exe" "-marionette" "-foreground" "-no-remote" "-profile" "C:\\Users\\Pichau\\AppData\\Local\\Temp\\rust_mozprofile8lBped"
1622033122642	Marionette	INFO	Marionette enabled
JavaScript error: resource://gre/modules/XULStore.jsm, line 66: Error: Can't find profile directory.
console.warn: SearchSettings: "get: No settings file exists, new profile?" (new Error("", "(unknown module)"))
1622033125766	Marionette	INFO	Listening on port 1436
1622033126031	Marionette	WARN	TLS certificate errors will be ignored for this session
JavaScript error: chrome://marionette/content/driver.js, line 2346: NS_ERROR_FAILURE: Component returned failure code: 0x80004005 (NS_ERROR_FAILURE) [nsIObserverService.removeObserver]
1622033126342	Marionette	INFO	Stopped listening on port 1436

###!!! [Child][RunMessage] Error: Channel closing: too late to send/recv, messages will be lost

1622033134374	mozrunner::runner	INFO	Running command: "C:\\Program Files\\Mozilla Firefox\\firefox.exe" "-marionette" "-foreground" "-no-remote" "-profile" "C:\\Users\\Pichau\\AppData\\Local\\Temp\\rust_mozprofile9nhS4D"
1622033134872	Marionette	INFO	Marionette enabled
JavaScript error: resource://gre/modules/XULStore.jsm, line 66: Error: Can't find profile directory.
console.warn: SearchSettings: "get: No settings file exists, new profile?" (new Error("", "(unknown module)"))
1622033137841	Marionette	INFO	Listening on port 1476
1622033138004	Marionette	WARN	TLS certificate errors will be ignored for this session
1622033145815	Marionette	INFO	Stopped listening on port 1476

###!!! [Child][RunMessage] Error: Channel closing: too late to send/recv, messages will be lost

1622690361260	mozrunner::runner	INFO	Running command: "C:\\Program Files\\Mozilla Firefox\\firefox.exe" "-marionette" "-foreground" "-no-remote" "-profile" "C:\\Users\\Pichau\\AppData\\Local\\Temp\\rust_mozprofilexKAONh"
1622690362343	Marionette	INFO	Marionette enabled
JavaScript error: resource://gre/modules/XULStore.jsm, line 66: Error: Can't find profile directory.
console.warn: SearchSettings: "get: No settings file exists, new profile?" (new Error("", "(unknown module)"))
1622690366546	Marionette	INFO	Listening on port 1065
1622690366587	Marionette	WARN	TLS certificate errors will be ignored for this session
1622690369485	Marionette	INFO	Stopped listening on port 1065
1624146600555	mozrunner::runner	INFO	Running command: "C:\\Program Files\\Mozilla Firefox\\firefox.exe" "-marionette" "-foreground" "-no-remote" "-profile" "C:\\Users\\Pichau\\AppData\\Local\\Temp\\rust_mozprofilejaUsNL"
1624146601058	Marionette	INFO	Marionette enabled
JavaScript error: resource://gre/modules/XULStore.jsm, line 66: Error: Can't find profile directory.
console.warn: SearchSettings: "get: No settings file exists, new profile?" (new Error("", "(unknown module)"))
1624146604037	Marionette	INFO	Listening on port 26915
1624146604250	Marionette	WARN	TLS certificate errors will be ignored for this session
1624146621414	Marionette	INFO	Stopped listening on port 26915

###!!! [Child][RunMessage] Error: Channel closing: too late to send/recv, messages will be lost

1624147241330	mozrunner::runner	INFO	Running command: "C:\\Program Files\\Mozilla Firefox\\firefox.exe" "-marionette" "-foreground" "-no-remote" "-profile" "C:\\Users\\Pichau\\AppData\\Local\\Temp\\rust_mozprofileykzeIH"
1624147241893	Marionette	INFO	Marionette enabled
JavaScript error: resource://gre/modules/XULStore.jsm, line 66: Error: Can't find profile directory.
console.warn: SearchSettings: "get: No settings file exists, new profile?" (new Error("", "(unknown module)"))
1624147244831	Marionette	INFO	Listening on port 27386
1624147245018	Marionette	WARN	TLS certificate errors will be ignored for this session
1624147858941	Marionette	INFO	Stopped listening on port 27386

###!!! [Child][RunMessage] Error: Channel closing: too late to send/recv, messages will be lost

rs\\Pichau\\AppData\\Local\\Temp\\rust_mozprofileXmU2s5"
1624147822597	Marionette	INFO	Marionette enabled
JavaScript error: resource://gre/modules/XULStore.jsm, line 66: Error: Can't find profile directory.
console.warn: SearchSettings: "get: No settings file exists, new profile?" (new Error("", "(unknown module)"))
1624147825413	Marionette	INFO	Listening on port 27707
1624147825799	Marionette	WARN	TLS certificate errors will be ignored for this session
1624147863884	mozrunner::runner	INFO	Running command: "C:\\Program Files\\Mozilla Firefox\\firefox.exe" "-marionette" "-foreground" "-no-remote" "-profile" "C:\\Users\\Pichau\\AppData\\Local\\Temp\\rust_mozprofile9OO4EO"
1624147864348	Marionette	INFO	Marionette enabled
JavaScript error: resource://gre/modules/XULStore.jsm, line 66: Error: Can't find profile directory.
console.warn: SearchSettings: "get: No settings file exists, new profile?" (new Error("", "(unknown module)"))
1624147867230	Marionette	INFO	Listening on port 27779
1624147867553	Marionette	WARN	TLS certificate errors will be ignored for this session
1624147928856	Marionette	INFO	Stopped listening on port 27779

###!!! [Child][RunMessage] Error: Channel closing: too late to send/recv, messages will be lost

1624147933572	mozrunner::runner	INFO	Running command: "C:\\Program Files\\Mozilla Firefox\\firefox.exe" "-marionette" "-foreground" "-no-remote" "-profile" "C:\\Users\\Pichau\\AppData\\Local\\Temp\\rust_mozprofileJ812NU"
1624147934023	Marionette	INFO	Marionette enabled
JavaScript error: resource://gre/modules/XULStore.jsm, line 66: Error: Can't find profile directory.
console.warn: SearchSettings: "get: No settings file exists, new profile?" (new Error("", "(unknown module)"))
1624147936823	Marionette	INFO	Listening on port 27852
1624147937256	Marionette	WARN	TLS certificate errors will be ignored for this session
SourceActor threw an exception: [Exception... "Component returned failure code: 0x80470002 (NS_BASE_STREAM_CLOSED) [nsIInputStream.available]"  nsresult: "0x80470002 (NS_BASE_STREAM_CLOSED)"  location: "JS frame :: resource://devtools/shared/DevToolsUtils.js :: onResponse :: line 567"  data: no]
Stack: onResponse@resource://devtools/shared/DevToolsUtils.js:567:34
onStopRequest@resource://gre/modules/NetUtil.jsm:128:18
Line: 567, column: 0
console.error: ({})
JavaScript error: resource://devtools/shared/DevToolsUtils.js, line 567: NS_BASE_STREAM_CLOSED: Component returned failure code: 0x80470002 (NS_BASE_STREAM_CLOSED) [nsIInputStream.available]
[Parent 11732, IPC I/O Parent] WARNING: file /builds/worker/checkouts/gecko/ipc/chromium/src/base/process_util_win.cc:167
1624148160615	Marionette	INFO	Stopped listening on port 27852

###!!! [Child][RunMessage] Error: Channel closing: too late to send/recv, messages will be lost

1624148165925	mozrunner::runner	INFO	Running command: "C:\\Program Files\\Mozilla Firefox\\firefox.exe" "-marionette" "-foreground" "-no-remote" "-profile" "C:\\Users\\Pichau\\AppData\\Local\\Temp\\rust_mozprofileik2itk"
1624148166398	Marionette	INFO	Marionette enabled
JavaScript error: resource://gre/modules/XULStore.jsm, line 66: Error: Can't find profile directory.
console.warn: SearchSettings: "get: No settings file exists, new profile?" (new Error("", "(unknown module)"))
1624148169196	Marionette	INFO	Listening on port 27967
1624148169587	Marionette	WARN	TLS certificate errors will be ignored for this session
JavaScript error: https://www.instagram.com/accounts/onetap/?next=%2F, line 52: TypeError: window.__bufferedErrors is undefined
JavaScript error: https://www.instagram.com/static/bundles/es6/ConsumerUICommons.js/1fe6d766872e.js, line 345: TypeError: this.props is undefined
1624148477622	Marionette	INFO	Stopped listening on port 27967

###!!! [Child][RunMessage] Error: Channel closing: too late to send/recv, messages will be lost

1624148515615	mozrunner::runner	INFO	Running command: "C:\\Program Files\\Mozilla Firefox\\firefox.exe" "-marionette" "-foreground" "-no-remote" "-profile" "C:\\Users\\Pichau\\AppData\\Local\\Temp\\rust_mozprofilemtZbdE"
1624148516088	Marionette	INFO	Marionette enabled
JavaScript error: resource://gre/modules/XULStore.jsm, line 66: Error: Can't find profile directory.
console.warn: SearchSettings: "get: No settings file exists, new profile?" (new Error("", "(unknown module)"))
1624148519032	Marionette	INFO	Listening on port 28070
1624148519284	Marionette	WARN	TLS certificate errors will be ignored for this session
SourceActor threw an exception: [Exception... "Component returned failure code: 0x80470002 (NS_BASE_STREAM_CLOSED) [nsIInputStream.available]"  nsresult: "0x80470002 (NS_BASE_STREAM_CLOSED)"  location: "JS frame :: resource://devtools/shared/DevToolsUtils.js :: onResponse :: line 567"  data: no]
Stack: onResponse@resource://devtools/shared/DevToolsUtils.js:567:34
onStopRequest@resource://gre/modules/NetUtil.jsm:128:18
Line: 567, column: 0
console.error: ({})
JavaScript error: resource://devtools/shared/DevToolsUtils.js, line 567: NS_BASE_STREAM_CLOSED: Component returned failure code: 0x80470002 (NS_BASE_STREAM_CLOSED) [nsIInputStream.available]
console.error: (new TypeError("container.node.targetFront is null", "resource://devtools/client/inspector/markup/markup.js", 2310))
Handler function threw an exception: [Exception... "Component returned failure code: 0x80040111 (NS_ERROR_NOT_AVAILABLE) [nsIHttpChannelInternal.remoteAddress]"  nsresult: "0x80040111 (NS_ERROR_NOT_AVAILABLE)"  location: "JS frame :: resource://devtools/server/actors/network-monitor/network-observer.js :: _onResponseHeader :: line 1188"  data: no]
Stack: _onResponseHeader@resource://devtools/server/actors/network-monitor/network-observer.js:1188:5
_dispatchActivity@resource://devtools/server/actors/network-monitor/network-observer.js:631:14
NetworkObserver.prototype.observeActivity<@resource://devtools/server/actors/network-monitor/network-observer.js:740:12
exports.makeInfallible/<@resource://devtools/shared/ThreadSafeDevToolsUtils.js:103:22
Line: 1188, column: 0
console.error: ({})
Handler function threw an exception: TypeError: undefined has no properties
Stack: _getWaitTiming@resource://devtools/server/actors/network-monitor/network-observer.js:1287:1
_setupHarTimings@resource://devtools/server/actors/network-monitor/network-observer.js:1512:28
_onTransactionClose@resource://devtools/server/actors/network-monitor/network-observer.js:1235:27
_dispatchActivity@resource://devtools/server/actors/network-monitor/network-observer.js:634:14
NetworkObserver.prototype.observeActivity<@resource://devtools/server/actors/network-monitor/network-observer.js:740:12
exports.makeInfallible/<@resource://devtools/shared/ThreadSafeDevToolsUtils.js:103:22
Line: 1287, column: 1
console.error: (new TypeError("undefined has no properties", "resource://devtools/server/actors/network-monitor/network-observer.js", 1287))
Handler function threw an exception: [Exception... "Component returned failure code: 0x80040111 (NS_ERROR_NOT_AVAILABLE) [nsIHttpChannelInternal.remoteAddress]"  nsresult: "0x80040111 (NS_ERROR_NOT_AVAILABLE)"  location: "JS frame :: resource://devtools/server/actors/network-monitor/network-observer.js :: _onResponseHeader :: line 1188"  data: no]
Stack: _onResponseHeader@resource://devtools/server/actors/network-monitor/network-observer.js:1188:5
_dispatchActivity@resource://devtools/server/actors/network-monitor/network-observer.js:631:14
NetworkObserver.prototype.observeActivity<@resource://devtools/server/actors/network-monitor/network-observer.js:740:12
exports.makeInfallible/<@resource://devtools/shared/ThreadSafeDevToolsUtils.js:103:22
Line: 1188, column: 0
console.error: ({})
Handler function threw an exception: TypeError: undefined has no properties
Stack: _getWaitTiming@resource://devtools/server/actors/network-monitor/network-observer.js:1287:1
_setupHarTimings@resource://devtools/server/actors/network-monitor/network-observer.js:1512:28
_onTransactionClose@resource://devtools/server/actors/network-monitor/network-observer.js:1235:27
_dispatchActivity@resource://devtools/server/actors/network-monitor/network-observer.js:634:14
NetworkObserver.prototype.observeActivity<@resource://devtools/server/actors/network-monitor/network-observer.js:740:12
exports.makeInfallible/<@resource://devtools/shared/ThreadSafeDevToolsUtils.js:103:22
Line: 1287, column: 1
console.error: (new TypeError("undefined has no properties", "resource://devtools/server/actors/network-monitor/network-observer.js", 1287))
console.error: (new TypeError("parent is null", "resource://devtools/client/inspector/shared/style-change-tracker.js", 67))
TypeError: parent is null: canMutationImpactCurrentStyles@resource://devtools/client/inspector/shared/style-change-tracker.js:67:24
onMutations@resource://devtools/client/inspector/shared/style-change-tracker.js:84:41
_emit@resource://devtools/shared/event-emitter.js:226:34
emit@resource://devtools/shared/event-emitter.js:172:18
emit@resource://devtools/shared/event-emitter.js:324:18
getMutations@resource://devtools/client/fronts/walker.js:358:10

console.error: (new TypeError("container.node.targetFront is null", "resource://devtools/client/inspector/markup/markup.js", 2310))
console.error: (new TypeError("container.node.targetFront is null", "resource://devtools/client/inspector/markup/markup.js", 2310))
1624149715433	Marionette	INFO	Stopped listening on port 28070

###!!! [Child][RunMessage] Error: Channel closing: too late to send/recv, messages will be lost

1624150360477	mozrunner::runner	INFO	Running command: "C:\\Program Files\\Mozilla Firefox\\firefox.exe" "-marionette" "-foreground" "-no-remote" "-profile" "C:\\Users\\Pichau\\AppData\\Local\\Temp\\rust_mozprofilexcPgX4"
1624150361062	Marionette	INFO	Marionette enabled
JavaScript error: resource://gre/modules/XULStore.jsm, line 66: Error: Can't find profile directory.
console.warn: SearchSettings: "get: No settings file exists, new profile?" (new Error("", "(unknown module)"))
1624150364608	Marionette	INFO	Listening on port 28367
1624150364681	Marionette	WARN	TLS certificate errors will be ignored for this session
SourceActor threw an exception: [Exception... "Component returned failure code: 0x80470002 (NS_BASE_STREAM_CLOSED) [nsIInputStream.available]"  nsresult: "0x80470002 (NS_BASE_STREAM_CLOSED)"  location: "JS frame :: resource://devtools/shared/DevToolsUtils.js :: onResponse :: line 567"  data: no]
Stack: onResponse@resource://devtools/shared/DevToolsUtils.js:567:34
onStopRequest@resource://gre/modules/NetUtil.jsm:128:18
Line: 567, column: 0
console.error: ({})
JavaScript error: resource://devtools/shared/DevToolsUtils.js, line 567: NS_BASE_STREAM_CLOSED: Component returned failure code: 0x80470002 (NS_BASE_STREAM_CLOSED) [nsIInputStream.available]
1624150493454	mozrunner::runner	INFO	Running command: "C:\\Program Files\\Mozilla Firefox\\firefox.exe" "-marionette" "-foreground" "-no-remote" "-profile" "C:\\Users\\Pichau\\AppData\\Local\\Temp\\rust_mozprofileRM7yTI"
1624150494037	Marionette	INFO	Marionette enabled
JavaScript error: resource://gre/modules/XULStore.jsm, line 66: Error: Can't find profile directory.
console.warn: SearchSettings: "get: No settings file exists, new profile?" (new Error("", "(unknown module)"))
1624150497316	Marionette	INFO	Listening on port 28449
1624150497667	Marionette	WARN	TLS certificate errors will be ignored for this session
SourceActor threw an exception: [Exception... "Component returned failure code: 0x80470002 (NS_BASE_STREAM_CLOSED) [nsIInputStream.available]"  nsresult: "0x80470002 (NS_BASE_STREAM_CLOSED)"  location: "JS frame :: resource://devtools/shared/DevToolsUtils.js :: onResponse :: line 567"  data: no]
Stack: onResponse@resource://devtools/shared/DevToolsUtils.js:567:34
onStopRequest@resource://gre/modules/NetUtil.jsm:128:18
Line: 567, column: 0
console.error: ({})
JavaScript error: resource://devtools/shared/DevToolsUtils.js, line 567: NS_BASE_STREAM_CLOSED: Component returned failure code: 0x80470002 (NS_BASE_STREAM_CLOSED) [nsIInputStream.available]
1624150674064	Marionette	INFO	Stopped listening on port 28449

###!!! [Child][RunMessage] Error: Channel closing: too late to send/recv, messages will be lost

1624150681323	mozrunner::runner	INFO	Running command: "C:\\Program Files\\Mozilla Firefox\\firefox.exe" "-marionette" "-foreground" "-no-remote" "-profile" "C:\\Users\\Pichau\\AppData\\Local\\Temp\\rust_mozprofile8Sa2gd"
1624150681845	Marionette	INFO	Marionette enabled
JavaScript error: resource://gre/modules/XULStore.jsm, line 66: Error: Can't find profile directory.
console.warn: SearchSettings: "get: No settings file exists, new profile?" (new Error("", "(unknown module)"))
1624150685918	Marionette	INFO	Listening on port 28577
1624150686120	Marionette	WARN	TLS certificate errors will be ignored for this session
SourceActor threw an exception: [Exception... "Component returned failure code: 0x80470002 (NS_BASE_STREAM_CLOSED) [nsIInputStream.available]"  nsresult: "0x80470002 (NS_BASE_STREAM_CLOSED)"  location: "JS frame :: resource://devtools/shared/DevToolsUtils.js :: onResponse :: line 567"  data: no]
Stack: onResponse@resource://devtools/shared/DevToolsUtils.js:567:34
onStopRequest@resource://gre/modules/NetUtil.jsm:128:18
Line: 567, column: 0
console.error: ({})
JavaScript error: resource://devtools/shared/DevToolsUtils.js, line 567: NS_BASE_STREAM_CLOSED: Component returned failure code: 0x80470002 (NS_BASE_STREAM_CLOSED) [nsIInputStream.available]
Handler function threw an exception: [Exception... "Component returned failure code: 0x80040111 (NS_ERROR_NOT_AVAILABLE) [nsIHttpChannelInternal.remoteAddress]"  nsresult: "0x80040111 (NS_ERROR_NOT_AVAILABLE)"  location: "JS frame :: resource://devtools/server/actors/network-monitor/network-observer.js :: _onResponseHeader :: line 1188"  data: no]
Stack: _onResponseHeader@resource://devtools/server/actors/network-monitor/network-observer.js:1188:5
_dispatchActivity@resource://devtools/server/actors/network-monitor/network-observer.js:631:14
NetworkObserver.prototype.observeActivity<@resource://devtools/server/actors/network-monitor/network-observer.js:740:12
exports.makeInfallible/<@resource://devtools/shared/ThreadSafeDevToolsUtils.js:103:22
Line: 1188, column: 0
console.error: ({})
Handler function threw an exception: TypeError: undefined has no properties
Stack: _getWaitTiming@resource://devtools/server/actors/network-monitor/network-observer.js:1287:1
_setupHarTimings@resource://devtools/server/actors/network-monitor/network-observer.js:1512:28
_onTransactionClose@resource://devtools/server/actors/network-monitor/network-observer.js:1235:27
_dispatchActivity@resource://devtools/server/actors/network-monitor/network-observer.js:634:14
NetworkObserver.prototype.observeActivity<@resource://devtools/server/actors/network-monitor/network-observer.js:740:12
exports.makeInfallible/<@resource://devtools/shared/ThreadSafeDevToolsUtils.js:103:22
Line: 1287, column: 1
console.error: (new TypeError("undefined has no properties", "resource://devtools/server/actors/network-monitor/network-observer.js", 1287))
Handler function threw an exception: [Exception... "Component returned failure code: 0x80040111 (NS_ERROR_NOT_AVAILABLE) [nsIHttpChannelInternal.remoteAddress]"  nsresult: "0x80040111 (NS_ERROR_NOT_AVAILABLE)"  location: "JS frame :: resource://devtools/server/actors/network-monitor/network-observer.js :: _onResponseHeader :: line 1188"  data: no]
Stack: _onResponseHeader@resource://devtools/server/actors/network-monitor/network-observer.js:1188:5
_dispatchActivity@resource://devtools/server/actors/network-monitor/network-observer.js:631:14
NetworkObserver.prototype.observeActivity<@resource://devtools/server/actors/network-monitor/network-observer.js:740:12
exports.makeInfallible/<@resource://devtools/shared/ThreadSafeDevToolsUtils.js:103:22
Line: 1188, column: 0
console.error: ({})
Handler function threw an exception: TypeError: undefined has no properties
Stack: _getWaitTiming@resource://devtools/server/actors/network-monitor/network-observer.js:1287:1
_setupHarTimings@resource://devtools/server/actors/network-monitor/network-observer.js:1512:28
_onTransactionClose@resource://devtools/server/actors/network-monitor/network-observer.js:1235:27
_dispatchActivity@resource://devtools/server/actors/network-monitor/network-observer.js:634:14
NetworkObserver.prototype.observeActivity<@resource://devtools/server/actors/network-monitor/network-observer.js:740:12
exports.makeInfallible/<@resource://devtools/shared/ThreadSafeDevToolsUtils.js:103:22
Line: 1287, column: 1
console.error: (new TypeError("undefined has no properties", "resource://devtools/server/actors/network-monitor/network-observer.js", 1287))
1624151235303	mozrunner::runner	INFO	Running command: "C:\\Program Files\\Mozilla Firefox\\firefox.exe" "-marionette" "-foreground" "-no-remote" "-profile" "C:\\Users\\Pichau\\AppData\\Local\\Temp\\rust_mozprofilens3K58"
1624151235858	Marionette	INFO	Marionette enabled
JavaScript error: resource://gre/modules/XULStore.jsm, line 66: Error: Can't find profile directory.
console.warn: SearchSettings: "get: No settings file exists, new profile?" (new Error("", "(unknown module)"))
1624151238924	Marionette	INFO	Listening on port 28762
1624151238985	Marionette	WARN	TLS certificate errors will be ignored for this session
1624151282865	mozrunner::runner	INFO	Running command: "C:\\Program Files\\Mozilla Firefox\\firefox.exe" "-marionette" "-foreground" "-no-remote" "-profile" "C:\\Users\\Pichau\\AppData\\Local\\Temp\\rust_mozprofileukvATz"
1624151283394	Marionette	INFO	Marionette enabled
JavaScript error: resource://gre/modules/XULStore.jsm, line 66: Error: Can't find profile directory.
console.warn: SearchSettings: "get: No settings file exists, new profile?" (new Error("", "(unknown module)"))
1624151286324	Marionette	INFO	Listening on port 28843
1624151286566	Marionette	WARN	TLS certificate errors will be ignored for this session
1624151426672	Marionette	INFO	Stopped listening on port 28843

###!!! [Child][RunMessage] Error: Channel closing: too late to send/recv, messages will be lost

1624151561017	mozrunner::runner	INFO	Running command: "C:\\Program Files\\Mozilla Firefox\\firefox.exe" "-marionette" "-foreground" "-no-remote" "-profile" "C:\\Users\\Pichau\\AppData\\Local\\Temp\\rust_mozprofileWnRLbt"
1624151561567	Marionette	INFO	Marionette enabled
JavaScript error: resource://gre/modules/XULStore.jsm, line 66: Error: Can't find profile directory.
console.warn: SearchSettings: "get: No settings file exists, new profile?" (new Error("", "(unknown module)"))
console.error: Region.jsm: "Error fetching region" (new TypeError("NetworkError when attempting to fetch resource.", ""))
console.error: Region.jsm: "Failed to fetch region" (new Error("NO_RESULT", "resource://gre/modules/Region.jsm", 419))

###!!! [Child][RunMessage] Error: Channel closing: too late to send/recv, messages will be lost

1624161797224	mozrunner::runner	INFO	Running command: "C:\\Program Files\\Mozilla Firefox\\firefox.exe" "-marionette" "-foreground" "-no-remote" "-profile" "C:\\Users\\Pichau\\AppData\\Local\\Temp\\rust_mozprofileTK03vl"
1624161829067	mozrunner::runner	INFO	Running command: "C:\\Program Files\\Mozilla Firefox\\firefox.exe" "-marionette" "-foreground" "-no-remote" "-profile" "C:\\Users\\Pichau\\AppData\\Local\\Temp\\rust_mozprofileGTPZft"
1624161829594	Marionette	INFO	Marionette enabled
JavaScript error: resource://gre/modules/XULStore.jsm, line 66: Error: Can't find profile directory.
console.warn: SearchSettings: "get: No settings file exists, new profile?" (new NotFoundError("Could not open the file at C:\\Users\\Pichau\\AppData\\Local\\Temp\\rust_mozprofileGTPZft\\search.json.mozlz4", (void 0)))
1624161833153	Marionette	INFO	Listening on port 6222
1624161833980	Marionette	WARN	TLS certificate errors will be ignored for this session
1624162023621	Marionette	INFO	Stopped listening on port 6222

###!!! [Child][RunMessage] Error: Channel closing: too late to send/recv, messages will be lost

1624162144497	mozrunner::runner	INFO	Running command: "C:\\Program Files\\Mozilla Firefox\\firefox.exe" "-marionette" "-foreground" "-no-remote" "-profile" "C:\\Users\\Pichau\\AppData\\Local\\Temp\\rust_mozprofilenm04fv"
1624162144957	Marionette	INFO	Marionette enabled
JavaScript error: resource://gre/modules/XULStore.jsm, line 66: Error: Can't find profile directory.
console.warn: SearchSettings: "get: No settings file exists, new profile?" (new NotFoundError("Could not open the file at C:\\Users\\Pichau\\AppData\\Local\\Temp\\rust_mozprofilenm04fv\\search.json.mozlz4", (void 0)))
1624162148067	Marionette	INFO	Listening on port 6343
1624162148176	Marionette	WARN	TLS certificate errors will be ignored for this session
1624162160431	mozrunner::runner	INFO	Running command: "C:\\Program Files\\Mozilla Firefox\\firefox.exe" "-marionette" "-foreground" "-no-remote" "-profile" "C:\\Users\\Pichau\\AppData\\Local\\Temp\\rust_mozprofile4imSml"
1624162160873	Marionette	INFO	Marionette enabled
JavaScript error: resource://gre/modules/XULStore.jsm, line 66: Error: Can't find profile directory.
console.warn: SearchSettings: "get: No settings file exists, new profile?" (new NotFoundError("Could not open the file at C:\\Users\\Pichau\\AppData\\Local\\Temp\\rust_mozprofile4imSml\\search.json.mozlz4", (void 0)))
1624162163995	Marionette	INFO	Listening on port 6413
1624162164106	Marionette	WARN	TLS certificate errors will be ignored for this session
1624162197140	mozrunner::runner	INFO	Running command: "C:\\Program Files\\Mozilla Firefox\\firefox.exe" "-marionette" "-foreground" "-no-remote" "-profile" "C:\\Users\\Pichau\\AppData\\Local\\Temp\\rust_mozprofileabIBqb"
1624162197578	Marionette	INFO	Marionette enabled
JavaScript error: resource://gre/modules/XULStore.jsm, line 66: Error: Can't find profile directory.
console.warn: SearchSettings: "get: No settings file exists, new profile?" (new NotFoundError("Could not open the file at C:\\Users\\Pichau\\AppData\\Local\\Temp\\rust_mozprofileabIBqb\\search.json.mozlz4", (void 0)))
1624162200356	Marionette	INFO	Listening on port 6475
1624162200799	Marionette	WARN	TLS certificate errors will be ignored for this session
JavaScript error: , line 0: NS_ERROR_NOT_AVAILABLE
[Parent 11724, IPC I/O Parent] WARNING: file /builds/worker/checkouts/gecko/ipc/chromium/src/base/process_util_win.cc:167
1624167924538	Marionette	INFO	Stopped listening on port 6475

###!!! [Child][RunMessage] Error: Channel closing: too late to send/recv, messages will be lost

1624167933536	mozrunner::runner	INFO	Running command: "C:\\Program Files\\Mozilla Firefox\\firefox.exe" "-marionette" "-foreground" "-no-remote" "-profile" "C:\\Users\\Pichau\\AppData\\Local\\Temp\\rust_mozprofile9jETFI"
1624167934053	Marionette	INFO	Marionette enabled
JavaScript error: resource://gre/modules/XULStore.jsm, line 66: Error: Can't find profile directory.
console.warn: SearchSettings: "get: No settings file exists, new profile?" (new NotFoundError("Could not open the file at C:\\Users\\Pichau\\AppData\\Local\\Temp\\rust_mozprofile9jETFI\\search.json.mozlz4", (void 0)))
1624167937171	Marionette	INFO	Listening on port 18027
1624167937208	Marionette	WARN	TLS certificate errors will be ignored for this session
1624168236639	Marionette	INFO	Stopped listening on port 18027

###!!! [Child][RunMessage] Error: Channel closing: too late to send/recv, messages will be lost

1624168243422	mozrunner::runner	INFO	Running command: "C:\\Program Files\\Mozilla Firefox\\firefox.exe" "-marionette" "-foreground" "-no-remote" "-profile" "C:\\Users\\Pichau\\AppData\\Local\\Temp\\rust_mozprofileJL9SRZ"
1624168243934	Marionette	INFO	Marionette enabled
JavaScript error: resource://gre/modules/XULStore.jsm, line 66: Error: Can't find profile directory.
console.warn: SearchSettings: "get: No settings file exists, new profile?" (new NotFoundError("Could not open the file at C:\\Users\\Pichau\\AppData\\Local\\Temp\\rust_mozprofileJL9SRZ\\search.json.mozlz4", (void 0)))
1624168247062	Marionette	INFO	Listening on port 18130
1624168247120	Marionette	WARN	TLS certificate errors will be ignored for this session
1624168614306	Marionette	INFO	Stopped listening on port 18130

###!!! [Child][RunMessage] Error: Channel closing: too late to send/recv, messages will be lost

rs\\Pichau\\AppData\\Local\\Temp\\rust_mozprofile7RQ9gr"
1624168308603	Marionette	INFO	Marionette enabled
JavaScript error: resource://gre/modules/XULStore.jsm, line 66: Error: Can't find profile directory.
console.warn: SearchSettings: "get: No settings file exists, new profile?" (new NotFoundError("Could not open the file at C:\\Users\\Pichau\\AppData\\Local\\Temp\\rust_mozprofile7RQ9gr\\search.json.mozlz4", (void 0)))
1624168311557	Marionette	INFO	Listening on port 18196
1624168311790	Marionette	WARN	TLS certificate errors will be ignored for this session
JavaScript error: resource:///modules/UrlbarInput.jsm, line 2952: TypeError: event.target.closest is not a function
1624168480429	Marionette	INFO	Stopped listening on port 18196

###!!! [Child][RunMessage] Error: Channel closing: too late to send/recv, messages will be lost

 error: resource://gre/modules/XULStore.jsm, line 66: Error: Can't find profile directory.
console.warn: SearchSettings: "get: No settings file exists, new profile?" (new NotFoundError("Could not open the file at C:\\Users\\Pichau\\AppData\\Local\\Temp\\rust_mozprofileAuRRre\\search.json.mozlz4", (void 0)))
1624168389979	Marionette	INFO	Listening on port 18276
1624168390168	Marionette	WARN	TLS certificate errors will be ignored for this session
1624168401242	Marionette	INFO	Stopped listening on port 18276

###!!! [Child][RunMessage] Error: Channel closing: too late to send/recv, messages will be lost

1624168408940	mozrunner::runner	INFO	Running command: "C:\\Program Files\\Mozilla Firefox\\firefox.exe" "-marionette" "-foreground" "-no-remote" "-profile" "C:\\Users\\Pichau\\AppData\\Local\\Temp\\rust_mozprofileT3XJxj"
1624168409438	Marionette	INFO	Marionette enabled
JavaScript error: resource://gre/modules/XULStore.jsm, line 66: Error: Can't find profile directory.
console.warn: SearchSettings: "get: No settings file exists, new profile?" (new NotFoundError("Could not open the file at C:\\Users\\Pichau\\AppData\\Local\\Temp\\rust_mozprofileT3XJxj\\search.json.mozlz4", (void 0)))
1624168412396	Marionette	INFO	Listening on port 18336
1624168412653	Marionette	WARN	TLS certificate errors will be ignored for this session
1624168456336	Marionette	INFO	Stopped listening on port 18336

###!!! [Child][RunMessage] Error: Channel closing: too late to send/recv, messages will be lost

1624168681820	mozrunner::runner	INFO	Running command: "C:\\Program Files\\Mozilla Firefox\\firefox.exe" "-marionette" "-foreground" "-no-remote" "-profile" "C:\\Users\\Pichau\\AppData\\Local\\Temp\\rust_mozprofile4vKVUl"
1624168682577	Marionette	INFO	Marionette enabled
1624168695913	mozrunner::runner	INFO	Running command: "C:\\Program Files\\Mozilla Firefox\\firefox.exe" "-marionette" "-foreground" "-no-remote" "-profile" "C:\\Users\\Pichau\\AppData\\Local\\Temp\\rust_mozprofilefxmQCU"
1624168696416	Marionette	INFO	Marionette enabled
JavaScript error: resource://gre/modules/XULStore.jsm, line 66: Error: Can't find profile directory.
console.warn: SearchSettings: "get: No settings file exists, new profile?" (new NotFoundError("Could not open the file at C:\\Users\\Pichau\\AppData\\Local\\Temp\\rust_mozprofilefxmQCU\\search.json.mozlz4", (void 0)))
1624168700394	Marionette	INFO	Listening on port 18492
1624168700761	Marionette	WARN	TLS certificate errors will be ignored for this session
1624168837010	Marionette	INFO	Stopped listening on port 18492
ram Files\\Mozilla Firefox\\firefox.exe" "-marionette" "-foreground" "-no-remote" "-profile" "C:\\Users\\Pichau\\AppData\\Local\\Temp\\rust_mozprofileL6IDj5"
1624168755929	Marionette	INFO	Marionette enabled
JavaScript error: resource://gre/modules/XULStore.jsm, line 66: Error: Can't find profile directory.
console.warn: SearchSettings: "get: No settings file exists, new profile?" (new NotFoundError("Could not open the file at C:\\Users\\Pichau\\AppData\\Local\\Temp\\rust_mozprofileL6IDj5\\search.json.mozlz4", (void 0)))
1624168759555	Marionette	INFO	Listening on port 18566
1624168759749	Marionette	WARN	TLS certificate errors will be ignored for this session
1624168828845	Marionette	INFO	Stopped listening on port 18566

###!!! [Child][RunMessage] Error: Channel closing: too late to send/recv, messages will be lost

1624169103659	mozrunner::runner	INFO	Running command: "C:\\Program Files\\Mozilla Firefox\\firefox.exe" "-marionette" "-foreground" "-no-remote" "-profile" "C:\\Users\\Pichau\\AppData\\Local\\Temp\\rust_mozprofileNLy8eA"
1624169104191	Marionette	INFO	Marionette enabled
JavaScript error: resource://gre/modules/XULStore.jsm, line 66: Error: Can't find profile directory.
console.warn: SearchSettings: "get: No settings file exists, new profile?" (new NotFoundError("Could not open the file at C:\\Users\\Pichau\\AppData\\Local\\Temp\\rust_mozprofileNLy8eA\\search.json.mozlz4", (void 0)))
1624169107232	Marionette	INFO	Listening on port 4884
1624169107358	Marionette	WARN	TLS certificate errors will be ignored for this session
1624169663298	Marionette	INFO	Stopped listening on port 4884

###!!! [Child][RunMessage] Error: Channel closing: too late to send/recv, messages will be lost

ers\\Pichau\\AppData\\Local\\Temp\\rust_mozprofilemY3NtE"
1624169161652	Marionette	INFO	Marionette enabled
1624169336101	mozrunner::runner	INFO	Running command: "C:\\Program Files\\Mozilla Firefox\\firefox.exe" "-marionette" "-foreground" "-no-remote" "-profile" "C:\\Users\\Pichau\\AppData\\Local\\Temp\\rust_mozprofile3V39wT"
1624169336531	Marionette	INFO	Marionette enabled
JavaScript error: resource://gre/modules/XULStore.jsm, line 66: Error: Can't find profile directory.
console.warn: SearchSettings: "get: No settings file exists, new profile?" (new NotFoundError("Could not open the file at C:\\Users\\Pichau\\AppData\\Local\\Temp\\rust_mozprofile3V39wT\\search.json.mozlz4", (void 0)))
1624169339622	Marionette	INFO	Listening on port 4986
1624169339772	Marionette	WARN	TLS certificate errors will be ignored for this session
1624169455370	Marionette	INFO	Stopped listening on port 4986

###!!! [Child][RunMessage] Error: Channel closing: too late to send/recv, messages will be lost

1624169461706	mozrunner::runner	INFO	Running command: "C:\\Program Files\\Mozilla Firefox\\firefox.exe" "-marionette" "-foreground" "-no-remote" "-profile" "C:\\Users\\Pichau\\AppData\\Local\\Temp\\rust_mozprofilei37jaw"
1624169462181	Marionette	INFO	Marionette enabled
JavaScript error: resource://gre/modules/XULStore.jsm, line 66: Error: Can't find profile directory.
console.warn: SearchSettings: "get: No settings file exists, new profile?" (new NotFoundError("Could not open the file at C:\\Users\\Pichau\\AppData\\Local\\Temp\\rust_mozprofilei37jaw\\search.json.mozlz4", (void 0)))
1624169464922	Marionette	INFO	Listening on port 5098
1624169465416	Marionette	WARN	TLS certificate errors will be ignored for this session
JavaScript error: , line 0: NS_ERROR_NOT_AVAILABLE
1624175709721	Marionette	INFO	Stopped listening on port 5098

###!!! [Child][RunMessage] Error: Channel closing: too late to send/recv, messages will be lost

ers\\Pichau\\AppData\\Local\\Temp\\rust_mozprofileSIKZCQ"
1624171537804	Marionette	INFO	Marionette enabled
JavaScript error: resource://gre/modules/XULStore.jsm, line 66: Error: Can't find profile directory.
console.warn: SearchSettings: "get: No settings file exists, new profile?" (new NotFoundError("Could not open the file at C:\\Users\\Pichau\\AppData\\Local\\Temp\\rust_mozprofileSIKZCQ\\search.json.mozlz4", (void 0)))
console.error: Region.jsm: "Error fetching region" (new TypeError("NetworkError when attempting to fetch resource.", ""))
console.error: Region.jsm: "Failed to fetch region" (new Error("NO_RESULT", "resource://gre/modules/Region.jsm", 419))
1624171540682	Marionette	FATAL	Remote protocol server failed to start: [Exception... "Component returned failure code: 0xc1f30001 (NS_ERROR_NOT_INITIALIZED) [nsIServerSocket.asyncListen]"  nsresult: "0xc1f30001 (NS_ERROR_NOT_INITIALIZED)"  location: "JS frame :: chrome://marionette/content/server.js :: set acceptConnections :: line 90"  data: no] Stack trace: set acceptConnections()@server.js:90
start()@server.js:115
init/<()@jar:file:///C:/Program%20Files/Mozilla%20Firefox/omni.ja!/components/marionette.js:502
observe()@resource://gre/modules/AsyncShutdown.jsm:575
1624609079049	mozrunner::runner	INFO	Running command: "C:\\Program Files\\Mozilla Firefox\\firefox.exe" "-marionette" "-foreground" "-no-remote" "-profile" "C:\\Users\\Pichau\\AppData\\Local\\Temp\\rust_mozprofileleNn71"
1624609079557	Marionette	INFO	Marionette enabled
JavaScript error: resource://gre/modules/XULStore.jsm, line 66: Error: Can't find profile directory.
console.warn: SearchSettings: "get: No settings file exists, new profile?" (new NotFoundError("Could not open the file at C:\\Users\\Pichau\\AppData\\Local\\Temp\\rust_mozprofileleNn71\\search.json.mozlz4", (void 0)))
1624609082505	Marionette	INFO	Listening on port 1103
1624609082750	Marionette	WARN	TLS certificate errors will be ignored for this session
JavaScript error: resource://gre/modules/XULStore.jsm, line 66: Error: Can't find profile directory.
JavaScript error: resource://gre/modules/XULStore.jsm, line 66: Error: Can't find profile directory.
1624609204314	Marionette	INFO	Stopped listening on port 1103

###!!! [Child][RunMessage] Error: Channel closing: too late to send/recv, messages will be lost

